nohup: ignoring input
angularBlog 启动 
Success:mongodb://localhost/angularblog has been connected.
[0mGET / [32m200 [0m10.218 ms - 2011[0m
[0mGET /lib/bootstrap-3.3.7-dist/css/bootstrap.min.css [36m304 [0m2.773 ms - -[0m
[0mGET /css/base.css [36m304 [0m1.826 ms - -[0m
[0mGET /lib/require/require.min.js [36m304 [0m1.837 ms - -[0m
[0mGET /img/airlift-bg.png [36m304 [0m0.616 ms - -[0m
[0mGET /js/main.js [36m304 [0m1.233 ms - -[0m
[0mGET /lib/jquery/jquery.js?v=1.0.0 [36m304 [0m1.326 ms - -[0m
[0mGET /js/app.js?v=1.0.0 [36m304 [0m1.793 ms - -[0m
[0mGET /js/controllers/leftSidebar.js?v=1.0.0 [36m304 [0m1.788 ms - -[0m
[0mGET /js/controllers/layout.js?v=1.0.0 [36m304 [0m3.448 ms - -[0m
[0mGET /js/directives/compare.js?v=1.0.0 [36m304 [0m3.116 ms - -[0m
[0mGET /js/services/authService.js?v=1.0.0 [36m304 [0m2.211 ms - -[0m
[0mGET /js/routes.js?v=1.0.0 [36m304 [0m4.599 ms - -[0m
[0mGET /js/directives/loginDialog.js?v=1.0.0 [36m304 [0m4.859 ms - -[0m
[0mGET /favicon.ico [32m200 [0m8.706 ms - 4286[0m
[0mGET /lib/angular/angular.js?v=1.0.0 [36m304 [0m2.915 ms - -[0m
[0mGET /lib/bootstrap-3.3.7-dist/js/bootstrap.min.js?v=1.0.0 [36m304 [0m4.193 ms - -[0m
[0mGET /lib/require/i18n.js?v=1.0.0 [36m304 [0m4.652 ms - -[0m
[0mGET /js/controllers/index.js?v=1.0.0 [36m304 [0m4.981 ms - -[0m
[0mGET /js/controllers/login.js?v=1.0.0 [36m304 [0m5.299 ms - -[0m
[0mGET /js/controllers/logout.js?v=1.0.0 [36m304 [0m4.835 ms - -[0m
[0mGET /js/controllers/feedback.js?v=1.0.0 [36m304 [0m1.747 ms - -[0m
[0mGET /js/controllers/signup.js?v=1.0.0 [36m304 [0m3.111 ms - -[0m
[0mGET /js/resources/nls/res.js?v=1.0.0 [36m304 [0m0.680 ms - -[0m
[0mGET /lib/angular/ui-bootstrap-tpls-2.2.0.js?v=1.0.0 [36m304 [0m3.887 ms - -[0m
[0mGET /lib/angular/angular-ui-router.min.js?v=1.0.0 [36m304 [0m1.951 ms - -[0m
[0mGET /partials/index.html [36m304 [0m0.656 ms - -[0m
[0mGET /lib/bootstrap-3.3.7-dist/fonts/glyphicons-halflings-regular.woff2 [36m304 [0m0.715 ms - -[0m
[0mGET / [36m304 [0m0.614 ms - -[0m
[0mGET /lib/bootstrap-3.3.7-dist/css/bootstrap.min.css [36m304 [0m0.962 ms - -[0m
[0mGET /css/base.css [36m304 [0m1.083 ms - -[0m
[0mGET /lib/require/require.min.js [36m304 [0m1.146 ms - -[0m
[0mGET /js/main.js [36m304 [0m0.823 ms - -[0m
[0mGET /favicon.ico [32m200 [0m0.232 ms - 4286[0m
[0mGET /js/app.js?v=1.0.0 [36m304 [0m4.696 ms - -[0m
[0mGET /lib/jquery/jquery.js?v=1.0.0 [36m304 [0m4.422 ms - -[0m
[0mGET /js/directives/compare.js?v=1.0.0 [36m304 [0m5.846 ms - -[0m
[0mGET /js/controllers/leftSidebar.js?v=1.0.0 [36m304 [0m4.801 ms - -[0m
[0mGET /js/controllers/layout.js?v=1.0.0 [36m304 [0m4.729 ms - -[0m
[0mGET /js/directives/loginDialog.js?v=1.0.0 [36m304 [0m4.765 ms - -[0m
[0mGET /js/routes.js?v=1.0.0 [36m304 [0m2.293 ms - -[0m
[0mGET /js/services/authService.js?v=1.0.0 [36m304 [0m4.239 ms - -[0m
[0mGET /lib/angular/angular.js?v=1.0.0 [36m304 [0m4.391 ms - -[0m
[0mGET /lib/bootstrap-3.3.7-dist/js/bootstrap.min.js?v=1.0.0 [36m304 [0m1.575 ms - -[0m
[0mGET /lib/require/i18n.js?v=1.0.0 [36m304 [0m1.576 ms - -[0m
[0mGET /js/controllers/index.js?v=1.0.0 [36m304 [0m7.942 ms - -[0m
[0mGET /js/controllers/logout.js?v=1.0.0 [36m304 [0m8.020 ms - -[0m
[0mGET /js/controllers/login.js?v=1.0.0 [36m304 [0m8.375 ms - -[0m
[0mGET /js/controllers/signup.js?v=1.0.0 [36m304 [0m7.983 ms - -[0m
[0mGET /js/controllers/feedback.js?v=1.0.0 [36m304 [0m0.355 ms - -[0m
[0mGET /lib/angular/angular-ui-router.min.js?v=1.0.0 [36m304 [0m0.865 ms - -[0m
[0mGET /lib/angular/ui-bootstrap-tpls-2.2.0.js?v=1.0.0 [36m304 [0m1.463 ms - -[0m
[0mGET /js/resources/nls/res.js?v=1.0.0 [36m304 [0m1.548 ms - -[0m
[0mGET /partials/index.html [36m304 [0m0.575 ms - -[0m
[0mGET /lib/bootstrap-3.3.7-dist/fonts/glyphicons-halflings-regular.woff2 [36m304 [0m0.691 ms - -[0m
[0mGET / [32m200 [0m2.066 ms - 2011[0m
[0mGET /lib/bootstrap-3.3.7-dist/css/bootstrap.min.css [32m200 [0m1.235 ms - 121200[0m
[0mGET /css/base.css [32m200 [0m0.834 ms - 390[0m
[0mGET /lib/require/require.min.js [32m200 [0m0.587 ms - 14363[0m
[0mGET /lib/bootstrap-3.3.7-dist/css/bootstrap.min.css.map [32m200 [0m0.528 ms - 542194[0m
[0mGET /img/airlift-bg.png [32m200 [0m0.623 ms - 9488[0m
[0mGET /js/main.js [32m200 [0m1.092 ms - 1223[0m
[0mGET /js/app.js?v=1.0.0 [32m200 [0m5.932 ms - 106[0m
[0mGET /lib/jquery/jquery.js?v=1.0.0 [32m200 [0m1.527 ms - 256807[0m
[0mGET /favicon.ico [32m200 [0m0.130 ms - 4286[0m
[0mGET /js/controllers/leftSidebar.js?v=1.0.0 [32m200 [0m7.609 ms - 810[0m
[0mGET /js/controllers/layout.js?v=1.0.0 [32m200 [0m7.510 ms - 1391[0m
[0mGET /js/directives/compare.js?v=1.0.0 [32m200 [0m7.137 ms - 694[0m
[0mGET /js/directives/loginDialog.js?v=1.0.0 [32m200 [0m1.212 ms - 541[0m
[0mGET /js/services/authService.js?v=1.0.0 [32m200 [0m3.873 ms - 2571[0m
[0mGET /js/routes.js?v=1.0.0 [32m200 [0m3.972 ms - 2975[0m
[0mGET /lib/angular/angular.js?v=1.0.0 [32m200 [0m3.165 ms - 1188016[0m
[0mGET /lib/require/i18n.js?v=1.0.0 [32m200 [0m3.529 ms - 8057[0m
[0mGET /js/controllers/index.js?v=1.0.0 [32m200 [0m1.181 ms - 228[0m
[0mGET /js/controllers/login.js?v=1.0.0 [32m200 [0m1.448 ms - 1526[0m
[0mGET /js/controllers/logout.js?v=1.0.0 [32m200 [0m0.621 ms - 388[0m
[0mGET /js/controllers/signup.js?v=1.0.0 [32m200 [0m1.751 ms - 686[0m
[0mGET /js/controllers/feedback.js?v=1.0.0 [32m200 [0m0.398 ms - 528[0m
[0mGET /js/resources/nls/res.js?v=1.0.0 [32m200 [0m2.001 ms - 221[0m
[0mGET /lib/bootstrap-3.3.7-dist/js/bootstrap.min.js?v=1.0.0 [32m200 [0m1.092 ms - 37045[0m
[0mGET /lib/angular/angular-ui-router.min.js?v=1.0.0 [32m200 [0m1.007 ms - 32961[0m
[0mGET /lib/angular/ui-bootstrap-tpls-2.2.0.js?v=1.0.0 [32m200 [0m1.239 ms - 270272[0m
[0mGET /partials/index.html [32m200 [0m0.566 ms - 10130[0m
[0mGET /lib/bootstrap-3.3.7-dist/fonts/glyphicons-halflings-regular.woff2 [32m200 [0m0.490 ms - 18028[0m
[0mGET / [32m200 [0m0.706 ms - 2011[0m
[0mGET /css/base.css [32m200 [0m1.856 ms - 390[0m
[0mGET /lib/bootstrap-3.3.7-dist/css/bootstrap.min.css [32m200 [0m1.634 ms - 121200[0m
[0mGET /lib/require/require.min.js [32m200 [0m3.247 ms - 14363[0m
[0mGET /lib/bootstrap-3.3.7-dist/css/bootstrap.min.css.map [32m200 [0m1.075 ms - 542194[0m
[0mGET /img/airlift-bg.png [32m200 [0m0.564 ms - 9488[0m
[0mGET /js/main.js [32m200 [0m2.441 ms - 1223[0m
[0mGET /js/controllers/leftSidebar.js?v=1.0.0 [32m200 [0m8.112 ms - 810[0m
[0mGET /js/app.js?v=1.0.0 [32m200 [0m7.621 ms - 106[0m
[0mGET /js/controllers/layout.js?v=1.0.0 [32m200 [0m8.473 ms - 1391[0m
[0mGET /js/directives/compare.js?v=1.0.0 [32m200 [0m7.863 ms - 694[0m
[0mGET /lib/jquery/jquery.js?v=1.0.0 [32m200 [0m9.832 ms - 256807[0m
[0mGET /js/directives/loginDialog.js?v=1.0.0 [32m200 [0m0.933 ms - 541[0m
[0mGET /js/services/authService.js?v=1.0.0 [32m200 [0m1.273 ms - 2571[0m
[0mGET /js/routes.js?v=1.0.0 [32m200 [0m0.924 ms - 2975[0m
[0mGET /lib/angular/angular.js?v=1.0.0 [32m200 [0m0.519 ms - 1188016[0m
[0mGET /lib/require/i18n.js?v=1.0.0 [32m200 [0m0.420 ms - 8057[0m
[0mGET /js/controllers/index.js?v=1.0.0 [32m200 [0m0.505 ms - 228[0m
[0mGET /js/controllers/login.js?v=1.0.0 [32m200 [0m0.448 ms - 1526[0m
[0mGET /js/controllers/logout.js?v=1.0.0 [32m200 [0m1.710 ms - 388[0m
[0mGET /js/controllers/signup.js?v=1.0.0 [32m200 [0m0.406 ms - 686[0m
[0mGET /js/controllers/feedback.js?v=1.0.0 [32m200 [0m1.144 ms - 528[0m
[0mGET /js/resources/nls/res.js?v=1.0.0 [32m200 [0m0.431 ms - 221[0m
[0mGET /lib/bootstrap-3.3.7-dist/js/bootstrap.min.js?v=1.0.0 [32m200 [0m0.409 ms - 37045[0m
[0mGET /lib/angular/angular-ui-router.min.js?v=1.0.0 [32m200 [0m1.345 ms - 32961[0m
[0mGET /lib/angular/ui-bootstrap-tpls-2.2.0.js?v=1.0.0 [32m200 [0m1.778 ms - 270272[0m
[0mGET /partials/index.html [32m200 [0m0.523 ms - 10130[0m
[0mGET /lib/bootstrap-3.3.7-dist/fonts/glyphicons-halflings-regular.woff2 [32m200 [0m0.420 ms - 18028[0m
[0mGET /index [33m404 [0m2.172 ms - 18[0m
[0mGET / [32m200 [0m0.469 ms - 2011[0m
[0mGET /lib/bootstrap-3.3.7-dist/css/bootstrap.min.css [32m200 [0m0.432 ms - 121200[0m
[0mGET /css/base.css [32m200 [0m0.662 ms - 390[0m
[0mGET /lib/require/require.min.js [32m200 [0m0.783 ms - 14363[0m
[0mGET /img/airlift-bg.png [32m200 [0m0.406 ms - 9488[0m
[0mGET /js/main.js [32m200 [0m0.413 ms - 1223[0m
[0mGET /lib/jquery/jquery.js?v=1.0.0 [32m200 [0m0.422 ms - 256807[0m
[0mGET /js/app.js?v=1.0.0 [32m200 [0m1.135 ms - 106[0m
[0mGET /js/controllers/leftSidebar.js?v=1.0.0 [32m200 [0m1.177 ms - 810[0m
[0mGET /favicon.ico [32m200 [0m0.058 ms - 4286[0m
[0mGET /js/controllers/layout.js?v=1.0.0 [32m200 [0m0.967 ms - 1391[0m
[0mGET /js/directives/compare.js?v=1.0.0 [32m200 [0m1.425 ms - 694[0m
[0mGET /js/directives/loginDialog.js?v=1.0.0 [32m200 [0m1.535 ms - 541[0m
[0mGET /js/services/authService.js?v=1.0.0 [32m200 [0m0.645 ms - 2571[0m
[0mGET /lib/require/i18n.js?v=1.0.0 [32m200 [0m2.306 ms - 8057[0m
[0mGET /js/routes.js?v=1.0.0 [32m200 [0m1.830 ms - 2975[0m
[0mGET /lib/angular/angular.js?v=1.0.0 [32m200 [0m1.230 ms - 1188016[0m
[0mGET /js/resources/nls/res.js?v=1.0.0 [32m200 [0m0.984 ms - 221[0m
[0mGET /js/controllers/signup.js?v=1.0.0 [32m200 [0m4.764 ms - 686[0m
[0mGET /js/controllers/index.js?v=1.0.0 [32m200 [0m15.259 ms - 228[0m
[0mGET /js/controllers/login.js?v=1.0.0 [32m200 [0m15.314 ms - 1526[0m
[0mGET /js/controllers/logout.js?v=1.0.0 [32m200 [0m15.419 ms - 388[0m
[0mGET /js/controllers/feedback.js?v=1.0.0 [32m200 [0m3.755 ms - 528[0m
[0mGET /lib/bootstrap-3.3.7-dist/js/bootstrap.min.js?v=1.0.0 [32m200 [0m2.072 ms - 37045[0m
[0mGET / [36m304 [0m3.892 ms - -[0m
[0mGET /lib/bootstrap-3.3.7-dist/css/bootstrap.min.css [36m304 [0m3.562 ms - -[0m
[0mGET /lib/require/require.min.js [36m304 [0m2.384 ms - -[0m
[0mGET /css/base.css [36m304 [0m0.249 ms - -[0m
[0mGET /js/main.js [36m304 [0m0.343 ms - -[0m
[0mGET /favicon.ico [32m200 [0m0.042 ms - 4286[0m
[0mGET /lib/jquery/jquery.js?v=1.0.0 [36m304 [0m0.334 ms - -[0m
[0mGET /js/app.js?v=1.0.0 [36m304 [0m0.257 ms - -[0m
[0mGET /js/controllers/leftSidebar.js?v=1.0.0 [36m304 [0m0.275 ms - -[0m
[0mGET /js/directives/loginDialog.js?v=1.0.0 [36m304 [0m0.521 ms - -[0m
[0mGET /js/directives/compare.js?v=1.0.0 [36m304 [0m0.513 ms - -[0m
[0mGET /js/controllers/layout.js?v=1.0.0 [36m304 [0m0.257 ms - -[0m
[0mGET /js/services/authService.js?v=1.0.0 [36m304 [0m0.335 ms - -[0m
[0mGET /js/routes.js?v=1.0.0 [36m304 [0m1.277 ms - -[0m
[0mGET /lib/angular/angular.js?v=1.0.0 [36m304 [0m0.272 ms - -[0m
[0mGET /lib/bootstrap-3.3.7-dist/js/bootstrap.min.js?v=1.0.0 [36m304 [0m0.335 ms - -[0m
[0mGET /lib/require/i18n.js?v=1.0.0 [36m304 [0m0.290 ms - -[0m
[0mGET /js/controllers/index.js?v=1.0.0 [36m304 [0m0.331 ms - -[0m
[0mGET /js/controllers/login.js?v=1.0.0 [36m304 [0m0.319 ms - -[0m
[0mGET /js/controllers/logout.js?v=1.0.0 [36m304 [0m1.096 ms - -[0m
[0mGET /js/controllers/signup.js?v=1.0.0 [36m304 [0m1.273 ms - -[0m
[0mGET /js/controllers/feedback.js?v=1.0.0 [36m304 [0m0.454 ms - -[0m
[0mGET /lib/angular/angular-ui-router.min.js?v=1.0.0 [32m200 [0m0.417 ms - 32961[0m
[0mGET /js/resources/nls/res.js?v=1.0.0 [36m304 [0m0.663 ms - -[0m
[0mGET /lib/angular/ui-bootstrap-tpls-2.2.0.js?v=1.0.0 [32m200 [0m0.765 ms - 270272[0m
[0mGET /partials/index.html [32m200 [0m0.420 ms - 10130[0m
[0mGET /lib/bootstrap-3.3.7-dist/fonts/glyphicons-halflings-regular.woff2 [32m200 [0m0.426 ms - 18028[0m
[0mGET /lib/bootstrap-3.3.7-dist/css/bootstrap.min.css [36m304 [0m0.341 ms - -[0m
[0mGET /css/base.css [36m304 [0m3.826 ms - -[0m
[0mGET /lib/bootstrap-3.3.7-dist/css/bootstrap.min.css.map [32m200 [0m0.528 ms - 542194[0m
